<?xml version="1.0" encoding="UTF-8"?>
<testsuite xmlns:xsi="http://www.w3.org/2001/XMLSchema-instance" xsi:noNamespaceSchemaLocation="https://maven.apache.org/surefire/maven-surefire-plugin/xsd/surefire-test-report-3.0.xsd" version="3.0" name="SignedUrlTest" time="2.679" tests="1" errors="0" skipped="0" failures="0">
  <properties>
    <property name="java.specification.version" value="24"/>
    <property name="sun.cpu.isalist" value="amd64"/>
    <property name="sun.jnu.encoding" value="Cp1252"/>
    <property name="java.class.path" value="C:\dev\for_mend\gcloud_testsuite\target\test-classes;C:\dev\for_mend\gcloud_testsuite\target\classes;C:\Users\Asus\.m2\repository\com\microsoft\playwright\playwright\1.43.0\playwright-1.43.0.jar;C:\Users\Asus\.m2\repository\com\google\code\gson\gson\2.10.1\gson-2.10.1.jar;C:\Users\Asus\.m2\repository\org\opentest4j\opentest4j\1.3.0\opentest4j-1.3.0.jar;C:\Users\Asus\.m2\repository\com\microsoft\playwright\driver\1.43.0\driver-1.43.0.jar;C:\Users\Asus\.m2\repository\com\microsoft\playwright\driver-bundle\1.43.0\driver-bundle-1.43.0.jar;C:\Users\Asus\.m2\repository\com\fasterxml\jackson\dataformat\jackson-dataformat-yaml\2.17.1\jackson-dataformat-yaml-2.17.1.jar;C:\Users\Asus\.m2\repository\com\fasterxml\jackson\core\jackson-databind\2.17.1\jackson-databind-2.17.1.jar;C:\Users\Asus\.m2\repository\com\fasterxml\jackson\core\jackson-annotations\2.17.1\jackson-annotations-2.17.1.jar;C:\Users\Asus\.m2\repository\org\yaml\snakeyaml\2.2\snakeyaml-2.2.jar;C:\Users\Asus\.m2\repository\com\fasterxml\jackson\core\jackson-core\2.17.1\jackson-core-2.17.1.jar;C:\Users\Asus\.m2\repository\org\testng\testng\7.10.2\testng-7.10.2.jar;C:\Users\Asus\.m2\repository\org\slf4j\slf4j-api\1.7.36\slf4j-api-1.7.36.jar;C:\Users\Asus\.m2\repository\com\beust\jcommander\1.82\jcommander-1.82.jar;C:\Users\Asus\.m2\repository\org\webjars\jquery\3.7.1\jquery-3.7.1.jar;"/>
    <property name="java.vm.vendor" value="Oracle Corporation"/>
    <property name="sun.arch.data.model" value="64"/>
    <property name="user.variant" value=""/>
    <property name="java.vendor.url" value="https://java.oracle.com/"/>
    <property name="user.timezone" value="Asia/Jerusalem"/>
    <property name="os.name" value="Windows 11"/>
    <property name="java.vm.specification.version" value="24"/>
    <property name="user.country" value="US"/>
    <property name="sun.java.launcher" value="SUN_STANDARD"/>
    <property name="sun.boot.library.path" value="C:\Program Files\Java\jdk-24\bin"/>
    <property name="sun.java.command" value="C:\Users\Asus\AppData\Local\Temp\surefire16565802423389565216\surefirebooter-20250428122243390_3.jar C:\Users\Asus\AppData\Local\Temp\surefire16565802423389565216 2025-04-28T12-22-43_283-jvmRun1 surefire-20250428122243390_1tmp surefire_0-20250428122243390_2tmp"/>
    <property name="jdk.debug" value="release"/>
    <property name="test" value="SignedUrlTest#testSignedUrlNotPhish"/>
    <property name="surefire.test.class.path" value="C:\dev\for_mend\gcloud_testsuite\target\test-classes;C:\dev\for_mend\gcloud_testsuite\target\classes;C:\Users\Asus\.m2\repository\com\microsoft\playwright\playwright\1.43.0\playwright-1.43.0.jar;C:\Users\Asus\.m2\repository\com\google\code\gson\gson\2.10.1\gson-2.10.1.jar;C:\Users\Asus\.m2\repository\org\opentest4j\opentest4j\1.3.0\opentest4j-1.3.0.jar;C:\Users\Asus\.m2\repository\com\microsoft\playwright\driver\1.43.0\driver-1.43.0.jar;C:\Users\Asus\.m2\repository\com\microsoft\playwright\driver-bundle\1.43.0\driver-bundle-1.43.0.jar;C:\Users\Asus\.m2\repository\com\fasterxml\jackson\dataformat\jackson-dataformat-yaml\2.17.1\jackson-dataformat-yaml-2.17.1.jar;C:\Users\Asus\.m2\repository\com\fasterxml\jackson\core\jackson-databind\2.17.1\jackson-databind-2.17.1.jar;C:\Users\Asus\.m2\repository\com\fasterxml\jackson\core\jackson-annotations\2.17.1\jackson-annotations-2.17.1.jar;C:\Users\Asus\.m2\repository\org\yaml\snakeyaml\2.2\snakeyaml-2.2.jar;C:\Users\Asus\.m2\repository\com\fasterxml\jackson\core\jackson-core\2.17.1\jackson-core-2.17.1.jar;C:\Users\Asus\.m2\repository\org\testng\testng\7.10.2\testng-7.10.2.jar;C:\Users\Asus\.m2\repository\org\slf4j\slf4j-api\1.7.36\slf4j-api-1.7.36.jar;C:\Users\Asus\.m2\repository\com\beust\jcommander\1.82\jcommander-1.82.jar;C:\Users\Asus\.m2\repository\org\webjars\jquery\3.7.1\jquery-3.7.1.jar;"/>
    <property name="sun.cpu.endian" value="little"/>
    <property name="user.home" value="C:\Users\Asus"/>
    <property name="user.language" value="en"/>
    <property name="java.specification.vendor" value="Oracle Corporation"/>
    <property name="java.version.date" value="2025-04-15"/>
    <property name="java.home" value="C:\Program Files\Java\jdk-24"/>
    <property name="file.separator" value="\"/>
    <property name="basedir" value="C:\dev\for_mend\gcloud_testsuite"/>
    <property name="java.vm.compressedOopsMode" value="Zero based"/>
    <property name="line.separator" value="&#10;"/>
    <property name="java.vm.specification.vendor" value="Oracle Corporation"/>
    <property name="java.specification.name" value="Java Platform API Specification"/>
    <property name="surefire.real.class.path" value="C:\Users\Asus\AppData\Local\Temp\surefire16565802423389565216\surefirebooter-20250428122243390_3.jar"/>
    <property name="user.script" value=""/>
    <property name="sun.management.compiler" value="HotSpot 64-Bit Tiered Compilers"/>
    <property name="java.runtime.version" value="24.0.1+9-30"/>
    <property name="user.name" value="Asus"/>
    <property name="stdout.encoding" value="Cp1252"/>
    <property name="path.separator" value=";"/>
    <property name="os.version" value="10.0"/>
    <property name="java.runtime.name" value="Java(TM) SE Runtime Environment"/>
    <property name="file.encoding" value="UTF-8"/>
    <property name="java.vm.name" value="Java HotSpot(TM) 64-Bit Server VM"/>
    <property name="maven.ext.class.path" value="C:\Users\Asus\.vscode\extensions\oracle.oracle-java-24.0.0\nbcode\java\maven-nblib\netbeans-eventspy.jar"/>
    <property name="localRepository" value="C:\Users\Asus\.m2\repository"/>
    <property name="java.vendor.url.bug" value="https://bugreport.java.com/bugreport/"/>
    <property name="java.io.tmpdir" value="C:\Users\Asus\AppData\Local\Temp\"/>
    <property name="java.version" value="24.0.1"/>
    <property name="user.dir" value="C:\dev\for_mend\gcloud_testsuite"/>
    <property name="os.arch" value="amd64"/>
    <property name="java.vm.specification.name" value="Java Virtual Machine Specification"/>
    <property name="sun.os.patch.level" value=""/>
    <property name="native.encoding" value="Cp1252"/>
    <property name="java.library.path" value="C:\Program Files\Java\jdk-24\bin;C:\WINDOWS\Sun\Java\bin;C:\WINDOWS\system32;C:\WINDOWS;C:\Program Files\Common Files\Oracle\Java\javapath;C:\WINDOWS\system32;C:\WINDOWS;C:\WINDOWS\System32\Wbem;C:\WINDOWS\System32\WindowsPowerShell\v1.0\;C:\WINDOWS\System32\OpenSSH\;C:\Program Files\dotnet\;C:\Program Files\Git\cmd;C:\Program Files\apache-maven-3.9.9\bin;C:\Users\Asus\AppData\Local\Programs\Python\Python313\Scripts\;C:\Users\Asus\AppData\Local\Programs\Python\Python313\;C:\Users\Asus\AppData\Local\Programs\Python\Launcher\;C:\Users\Asus\AppData\Local\Microsoft\WindowsApps;C:\Program Files\JetBrains\PyCharm Community Edition 2025.1\bin;;C:\Users\Asus\AppData\Local\Google\Cloud SDK\google-cloud-sdk\bin;C:\Users\Asus\AppData\Local\Programs\Microsoft VS Code\bin;C:\Program Files\apache-maven-3.9.9\bin;;."/>
    <property name="java.vm.info" value="mixed mode, sharing"/>
    <property name="stderr.encoding" value="Cp1252"/>
    <property name="java.vendor" value="Oracle Corporation"/>
    <property name="java.vm.version" value="24.0.1+9-30"/>
    <property name="sun.io.unicode.encoding" value="UnicodeLittle"/>
    <property name="java.class.version" value="68.0"/>
  </properties>
  <testcase name="testSignedUrlNotPhish" classname="SignedUrlTest" time="2.34">
    <system-out><![CDATA[Command: gcloud storage sign-url gs://for_mend/Bulldog_inglese.jpg --duration=5m
true
---
expiration: '2025-04-28 09:27:45'
http_verb: GET
resource: gs://for_mend/Bulldog_inglese.jpg
signed_url: https://storage.googleapis.com/for_mend/Bulldog_inglese.jpg?x-goog-signature=1acb8f33173364e0abb1ff2f74c9ffcfc52d7d179f1ea68fbf23ea93a851e70a18d028064ee7fdcb66d8841f6428d580c51ddfaad9825242332f11ff691999750c87ea1314e20d91bbfb7e28dac1f75071de9dafeac551c60ae8e70ece9c6085ec57130f3039c3ee03072361347df88e008f7a234b0fcc997de29a3febf958c26ef0aa99d7968c321d35324eade0fdedcb41ce329a84f7fbcff691c8af3de5566b0bfab27bbd9b10f5546440f7d04a728d2cfdf0eb9dee6550028ea0b9d52e9bad62dab843f9399812eda5aaa72babae3c8479d0db49166cb0a164422595450aec6137ba4e0c75733872318e12b6ddef6f9177f34ab6d42e1fd6b866ee94fc89&x-goog-algorithm=GOOG4-RSA-SHA256&x-goog-credential=formend%40for-mend.iam.gserviceaccount.com%2F20250428%2Fus%2Fstorage%2Fgoog4_request&x-goog-date=20250428T092245Z&x-goog-expires=300&x-goog-signedheaders=host
Signed URL: ---
Signed URL: ---
]]></system-out>
    <system-err><![CDATA[SLF4J: Failed to load class "org.slf4j.impl.StaticLoggerBinder".
SLF4J: Defaulting to no-operation (NOP) logger implementation
SLF4J: See http://www.slf4j.org/codes.html#StaticLoggerBinder for further details.
]]></system-err>
  </testcase>
</testsuite>