<?xml version="1.0" encoding="UTF-8"?>
<!-- Generated by org.testng.reporters.JUnitReportReporter -->
<testsuite hostname="DESKTOP-JB166E2" failures="0" tests="1" name="SignedUrlTest" time="2.339" errors="0" timestamp="2025-04-28T12:22:46 IDT" skipped="0">
  <testcase classname="SignedUrlTest" name="testSignedUrlNotPhish" time="2.339"/>
</testsuite> <!-- SignedUrlTest -->
