<?xml version="1.0" encoding="UTF-8"?>
<!-- Generated by org.testng.reporters.JUnitReportReporter -->
<testsuite hostname="DESKTOP-JB166E2" failures="0" tests="2" name="SignedUrlTests" time="13.801" errors="0" timestamp="2025-04-29T21:40:42 IDT" skipped="0">
  <testcase classname="SignedUrlTests" name="generateSignedUrlTest" time="2.053"/>
  <testcase classname="SignedUrlTests" name="verifyAccessToSignedUrlTest" time="11.748"/>
</testsuite> <!-- SignedUrlTests -->
