<?xml version="1.0" encoding="UTF-8"?>
<!-- Generated by org.testng.reporters.JUnitReportReporter -->
<testsuite hostname="DESKTOP-JB166E2" failures="0" tests="1" name="UpdateAccessTests" time="10.392" errors="0" timestamp="2025-04-29T21:40:42 IDT" skipped="0">
  <testcase classname="UpdateAccessTests" name="testUpdateAccessPublicToPrivate" time="10.392"/>
</testsuite> <!-- UpdateAccessTests -->
